2022-04-05 21:46:29.443 - Create display
SWT SessionManagerDBus: Failed to RegisterClient: GDBus.Error:org.freedesktop.DBus.Error.AccessDenied: An AppArmor policy prevents this sender from sending this message to this recipient; type="method_call", sender=":1.175" (uid=1425601320 pid=17951 comm="/snap/dbeaver-ce/174/usr/share/dbeaver-ce/jre/bin/" label="snap.dbeaver-ce.dbeaver-ce (enforce)") interface="org.gnome.SessionManager" member="RegisterClient" error name="(unset)" requested_reply="0" destination=":1.35" (uid=1425601320 pid=2182 comm="/usr/libexec/gnome-session-binary --systemd-servic" label="unconfined")
> Start Eclipse IDE UI [org.eclipse.ui.ide 3.18.500.v20220215-1304]
2022-04-05 21:46:29.534 - DBeaver 22.0.2.202204021640 is starting
2022-04-05 21:46:29.535 - OS: Linux 5.13.0-35-generic (amd64)
2022-04-05 21:46:29.535 - Java version: 11.0.12 by Eclipse Foundation (64bit)
2022-04-05 21:46:29.535 - Install path: '/snap/dbeaver-ce/174/usr/share/dbeaver-ce'
2022-04-05 21:46:29.535 - Instance path: 'file:/home/pradeep.k@zucisystems.com/workspace_working_Repo/MYSQL/'
2022-04-05 21:46:29.535 - Memory available 64Mb/1024Mb
> Start DBeaver UI Editors - Base [org.jkiss.dbeaver.ui.editors.base 1.0.79.202204021640]
2022-04-05 21:46:29.548 - Starting RMI server at 21863
2022-04-05 21:46:29.592 - Run workbench
> Start Eclipse e4 Workbench SWT [org.eclipse.e4.ui.workbench.swt 0.16.400.v20220222-1128]
> Start Eclipse Application Services [org.eclipse.e4.core.services 2.3.100.v20210910-0640]
> Start Eclipse UI Application Services [org.eclipse.e4.ui.services 1.5.0.v20210115-1333]
> Start EMF XML/XMI Persistence [org.eclipse.emf.ecore.xmi 2.16.0.v20190528-0725]
> Start Eclipse CSS SWT Theme Support [org.eclipse.e4.ui.css.swt.theme 0.13.0.v20201026-1147]
> Start Eclipse e4 Workbench Add-ons [org.eclipse.e4.ui.workbench.addons.swt 1.4.400.v20211102-0453]
> Start Eclipse e4 Workbench SWT Renderer [org.eclipse.e4.ui.workbench.renderers.swt 0.15.400.v20220308-0630]
> Start Eclipse Bindings Support [org.eclipse.e4.ui.bindings 0.13.100.v20210722-1426]
> Start Eclipse Dependency Injection Extensions [org.eclipse.e4.core.di.extensions 0.17.100.v20210910-0640]
> Start Eclipse CSS SWT Support [org.eclipse.e4.ui.css.swt 0.14.400.v20211026-1534]
> Start DBeaver UI [org.jkiss.dbeaver.ui 5.1.94.202204021640]
2022-04-05 21:46:31.024 - Configure workbench window
> Start Help System Core [org.eclipse.help 3.9.100.v20210721-0601]
2022-04-05 21:46:31.100 - Create actions
2022-04-05 21:46:31.106 - Disable Eclipse action set 'org.eclipse.ui.edit.text.actionSet.annotationNavigation'
2022-04-05 21:46:31.107 - Disable Eclipse action set 'org.eclipse.ui.WorkingSetActionSet'
2022-04-05 21:46:31.107 - Disable Eclipse action set 'org.eclipse.ui.actionSet.openFiles'
2022-04-05 21:46:31.533 - Initialize workbench window
2022-04-05 21:46:31.538 - Finish initialization
> Start Equinox Java Authentication and Authorization Service (JAAS) [org.eclipse.equinox.security 1.3.900.v20220108-1321]
> Start Internet Connection Management UI [org.eclipse.ui.net 1.4.0.v20210426-0838]
> Start Internet Connection Management [org.eclipse.core.net 1.3.1100.v20210424-0724]
> Start DBeaver SQL Model [org.jkiss.dbeaver.model.sql 1.0.69.202204021640]
2022-04-05 21:46:31.915 - Script dialect 'databricks' not found in registry (for data source provider databricks). Use default.
2022-04-05 21:46:31.933 - Total database drivers: 99 (99)
> Start DBeaver Sample Database [org.jkiss.dbeaver.ext.sample.database 1.0.116.202204021640]
> Start DBeaver Tip of the day [org.jkiss.dbeaver.ext.ui.tipoftheday 1.0.85.202204021640]
> Start Team Support Core [org.eclipse.team.core 3.9.300.v20220204-0611]
2022-04-05 21:59:05.580 - DBeaver is stopping
2022-04-05 21:59:05.581 - Stop RMI server
2022-04-05 21:59:05.582 - RMI controller has been stopped
2022-04-05 21:59:05.630 - DBeaver shutdown completed
